Determining if the pthread_create exist failed with the following output:
Change Dir: /home/moshe/rc_car/build/CMakeFiles/CMakeTmp

Run Build Command:/usr/bin/make "cmTryCompileExec943994229/fast"
/usr/bin/make -f CMakeFiles/cmTryCompileExec943994229.dir/build.make CMakeFiles/cmTryCompileExec943994229.dir/build
make[1]: Entering directory `/home/moshe/rc_car/build/CMakeFiles/CMakeTmp'
/usr/bin/cmake -E cmake_progress_report /home/moshe/rc_car/build/CMakeFiles/CMakeTmp/CMakeFiles 1
Building C object CMakeFiles/cmTryCompileExec943994229.dir/CheckSymbolExists.c.o
/usr/bin/cc    -o CMakeFiles/cmTryCompileExec943994229.dir/CheckSymbolExists.c.o   -c /home/moshe/rc_car/build/CMakeFiles/CMakeTmp/CheckSymbolExists.c
Linking C executable cmTryCompileExec943994229
/usr/bin/cmake -E cmake_link_script CMakeFiles/cmTryCompileExec943994229.dir/link.txt --verbose=1
/usr/bin/cc       CMakeFiles/cmTryCompileExec943994229.dir/CheckSymbolExists.c.o  -o cmTryCompileExec943994229 -rdynamic 
CMakeFiles/cmTryCompileExec943994229.dir/CheckSymbolExists.c.o: In function `main':
CheckSymbolExists.c:(.text+0x16): undefined reference to `pthread_create'
collect2: error: ld returned 1 exit status
make[1]: *** [cmTryCompileExec943994229] Error 1
make[1]: Leaving directory `/home/moshe/rc_car/build/CMakeFiles/CMakeTmp'
make: *** [cmTryCompileExec943994229/fast] Error 2

File /home/moshe/rc_car/build/CMakeFiles/CMakeTmp/CheckSymbolExists.c:
/* */
#include <pthread.h>

int main(int argc, char** argv)
{
  (void)argv;
#ifndef pthread_create
  return ((int*)(&pthread_create))[argc];
#else
  (void)argc;
  return 0;
#endif
}

Determining if the function pthread_create exists in the pthreads failed with the following output:
Change Dir: /home/moshe/rc_car/build/CMakeFiles/CMakeTmp

Run Build Command:/usr/bin/make "cmTryCompileExec4185436884/fast"
/usr/bin/make -f CMakeFiles/cmTryCompileExec4185436884.dir/build.make CMakeFiles/cmTryCompileExec4185436884.dir/build
make[1]: Entering directory `/home/moshe/rc_car/build/CMakeFiles/CMakeTmp'
/usr/bin/cmake -E cmake_progress_report /home/moshe/rc_car/build/CMakeFiles/CMakeTmp/CMakeFiles 1
Building C object CMakeFiles/cmTryCompileExec4185436884.dir/CheckFunctionExists.c.o
/usr/bin/cc   -DCHECK_FUNCTION_EXISTS=pthread_create   -o CMakeFiles/cmTryCompileExec4185436884.dir/CheckFunctionExists.c.o   -c /usr/share/cmake-2.8/Modules/CheckFunctionExists.c
Linking C executable cmTryCompileExec4185436884
/usr/bin/cmake -E cmake_link_script CMakeFiles/cmTryCompileExec4185436884.dir/link.txt --verbose=1
/usr/bin/cc   -DCHECK_FUNCTION_EXISTS=pthread_create    CMakeFiles/cmTryCompileExec4185436884.dir/CheckFunctionExists.c.o  -o cmTryCompileExec4185436884 -rdynamic -lpthreads 
/usr/bin/ld: cannot find -lpthreads
collect2: error: ld returned 1 exit status
make[1]: *** [cmTryCompileExec4185436884] Error 1
make[1]: Leaving directory `/home/moshe/rc_car/build/CMakeFiles/CMakeTmp'
make: *** [cmTryCompileExec4185436884/fast] Error 2


